<?xml version="1.0" encoding="UTF-8"?>
<testng-results ignored="0" total="2" passed="2" failed="0" skipped="0">
  <reporter-output>
  </reporter-output>
  <suite started-at="2023-06-07T22:51:39 IST" name="InetBankingV2" finished-at="2023-06-07T22:52:18 IST" duration-ms="39031">
    <groups>
    </groups>
    <test started-at="2023-06-07T22:51:39 IST" name="BankingApp Test" finished-at="2023-06-07T22:52:18 IST" duration-ms="39031">
      <class name="com.inetBanking.TestCases.TC_AddAccountTest_005">
        <test-method is-config="true" signature="setUp(java.lang.String)[pri:0, instance:com.inetBanking.TestCases.TC_AddAccountTest_005@2053d869]" started-at="2023-06-07T22:51:56 IST" name="setUp" finished-at="2023-06-07T22:52:02 IST" duration-ms="6230" status="PASS">
          <params>
            <param index="0">
              <value>
                <![CDATA[chrome]]>
              </value>
            </param>
          </params>
          <reporter-output>
          </reporter-output>
        </test-method> <!-- setUp -->
        <test-method signature="addNewAccount()[pri:0, instance:com.inetBanking.TestCases.TC_AddAccountTest_005@2053d869]" started-at="2023-06-07T22:52:02 IST" name="addNewAccount" finished-at="2023-06-07T22:52:18 IST" duration-ms="15900" status="PASS">
          <reporter-output>
          </reporter-output>
        </test-method> <!-- addNewAccount -->
        <test-method is-config="true" signature="tearDown()[pri:0, instance:com.inetBanking.TestCases.TC_AddAccountTest_005@2053d869]" started-at="2023-06-07T22:52:18 IST" name="tearDown" finished-at="2023-06-07T22:52:18 IST" duration-ms="341" status="PASS">
          <reporter-output>
          </reporter-output>
        </test-method> <!-- tearDown -->
      </class> <!-- com.inetBanking.TestCases.TC_AddAccountTest_005 -->
      <class name="com.inetBanking.TestCases.TC_loginTest_001">
        <test-method is-config="true" signature="setUp(java.lang.String)[pri:0, instance:com.inetBanking.TestCases.TC_loginTest_001@6babf3bf]" started-at="2023-06-07T22:51:39 IST" name="setUp" finished-at="2023-06-07T22:51:54 IST" duration-ms="14377" status="PASS">
          <params>
            <param index="0">
              <value>
                <![CDATA[chrome]]>
              </value>
            </param>
          </params>
          <reporter-output>
          </reporter-output>
        </test-method> <!-- setUp -->
        <test-method signature="loginTest()[pri:0, instance:com.inetBanking.TestCases.TC_loginTest_001@6babf3bf]" started-at="2023-06-07T22:51:54 IST" name="loginTest" finished-at="2023-06-07T22:51:55 IST" duration-ms="1572" status="PASS">
          <reporter-output>
          </reporter-output>
        </test-method> <!-- loginTest -->
        <test-method is-config="true" signature="tearDown()[pri:0, instance:com.inetBanking.TestCases.TC_loginTest_001@6babf3bf]" started-at="2023-06-07T22:51:55 IST" name="tearDown" finished-at="2023-06-07T22:51:56 IST" duration-ms="371" status="PASS">
          <reporter-output>
          </reporter-output>
        </test-method> <!-- tearDown -->
      </class> <!-- com.inetBanking.TestCases.TC_loginTest_001 -->
    </test> <!-- BankingApp Test -->
  </suite> <!-- InetBankingV2 -->
</testng-results>
