<?xml version="1.0" encoding="UTF-8"?>
<testng-results ignored="0" total="1" passed="1" failed="0" skipped="0">
  <reporter-output>
  </reporter-output>
  <suite started-at="2023-05-30T17:55:31 IST" name="InetBankingV2" finished-at="2023-05-30T17:55:55 IST" duration-ms="24211">
    <groups>
    </groups>
    <test started-at="2023-05-30T17:55:31 IST" name="BankingApp Test" finished-at="2023-05-30T17:55:55 IST" duration-ms="24211">
      <class name="com.inetBanking.TestCases.TC_AddAccountTest_005">
        <test-method is-config="true" signature="setUp(java.lang.String)[pri:0, instance:com.inetBanking.TestCases.TC_AddAccountTest_005@6d4d66d2]" started-at="2023-05-30T17:55:31 IST" name="setUp" finished-at="2023-05-30T17:55:39 IST" duration-ms="7536" status="PASS">
          <params>
            <param index="0">
              <value>
                <![CDATA[chrome]]>
              </value>
            </param>
          </params>
          <reporter-output>
          </reporter-output>
        </test-method> <!-- setUp -->
        <test-method signature="addNewAccount()[pri:0, instance:com.inetBanking.TestCases.TC_AddAccountTest_005@6d4d66d2]" started-at="2023-05-30T17:55:39 IST" name="addNewAccount" finished-at="2023-05-30T17:55:55 IST" duration-ms="16280" status="PASS">
          <reporter-output>
          </reporter-output>
        </test-method> <!-- addNewAccount -->
        <test-method is-config="true" signature="tearDown()[pri:0, instance:com.inetBanking.TestCases.TC_AddAccountTest_005@6d4d66d2]" started-at="2023-05-30T17:55:55 IST" name="tearDown" finished-at="2023-05-30T17:55:55 IST" duration-ms="191" status="PASS">
          <reporter-output>
          </reporter-output>
        </test-method> <!-- tearDown -->
      </class> <!-- com.inetBanking.TestCases.TC_AddAccountTest_005 -->
    </test> <!-- BankingApp Test -->
  </suite> <!-- InetBankingV2 -->
</testng-results>
