<?xml version="1.0" encoding="UTF-8"?>
<!-- Generated by org.testng.reporters.JUnitXMLReporter -->
<testsuite ignored="0" hostname="LAPTOP-POCHI3TQ" failures="0" tests="2" name="BankingApp Test" time="39.031" errors="0" timestamp="2023-06-07T22:52:19 IST">
  <testcase classname="com.inetBanking.TestCases.TC_loginTest_001" name="loginTest" time="1.572"/>
  <testcase classname="com.inetBanking.TestCases.TC_AddAccountTest_005" name="addNewAccount" time="15.9"/>
</testsuite> <!-- BankingApp Test -->
